<?xml version="1.0" encoding="UTF-8"?>
<testng-results ignored="0" total="1" passed="1" failed="0" skipped="0">
  <reporter-output>
  </reporter-output>
  <suite started-at="2022-12-05T19:53:36 IST" name="Default suite" finished-at="2022-12-05T19:54:00 IST" duration-ms="23808">
    <groups>
    </groups>
    <test started-at="2022-12-05T19:53:36 IST" name="Default test" finished-at="2022-12-05T19:54:00 IST" duration-ms="23808">
      <class name="Automation.AnnotationExample">
        <test-method is-config="true" signature="launchingBrowser()[pri:0, instance:Automation.AnnotationExample@306e95ec]" started-at="2022-12-05T19:53:36 IST" name="launchingBrowser" finished-at="2022-12-05T19:53:52 IST" duration-ms="16091" status="PASS">
          <reporter-output>
          </reporter-output>
        </test-method> <!-- launchingBrowser -->
        <test-method signature="verifyHomeTitle()[pri:0, instance:Automation.AnnotationExample@306e95ec]" started-at="2022-12-05T19:53:52 IST" name="verifyHomeTitle" finished-at="2022-12-05T19:53:59 IST" duration-ms="7344" status="PASS">
          <reporter-output>
          </reporter-output>
        </test-method> <!-- verifyHomeTitle -->
        <test-method is-config="true" signature="closeBrowser()[pri:0, instance:Automation.AnnotationExample@306e95ec]" started-at="2022-12-05T19:53:59 IST" name="closeBrowser" finished-at="2022-12-05T19:54:00 IST" duration-ms="315" status="PASS">
          <reporter-output>
          </reporter-output>
        </test-method> <!-- closeBrowser -->
      </class> <!-- Automation.AnnotationExample -->
    </test> <!-- Default test -->
  </suite> <!-- Default suite -->
</testng-results>
